<?xml version="1.0" encoding="utf-8"?><testsuites name="pytest tests"><testsuite name="pytest" errors="0" failures="0" skipped="0" tests="32" time="4.301" timestamp="2026-02-16T10:43:56.267006+00:00" hostname="agent-env-cec15587-92cb-41a9-bffd-f1c20c8ee20f"><testcase classname="backend.tests.test_socialfi_api.TestHealthCheck" name="test_root_endpoint" time="0.325" /><testcase classname="backend.tests.test_socialfi_api.TestHealthCheck" name="test_health_endpoint" time="0.121" /><testcase classname="backend.tests.test_socialfi_api.TestFeedAPI" name="test_feed_returns_posts" time="0.128" /><testcase classname="backend.tests.test_socialfi_api.TestFeedAPI" name="test_feed_with_network_filter_reddit" time="0.132" /><testcase classname="backend.tests.test_socialfi_api.TestFeedAPI" name="test_feed_with_network_filter_farcaster" time="0.124" /><testcase classname="backend.tests.test_socialfi_api.TestFeedAPI" name="test_feed_with_network_filter_x" time="0.124" /><testcase classname="backend.tests.test_socialfi_api.TestFeedAPI" name="test_feed_with_multiple_network_filters" time="0.125" /><testcase classname="backend.tests.test_socialfi_api.TestFeedAPI" name="test_feed_sort_by_trending" time="0.128" /><testcase classname="backend.tests.test_socialfi_api.TestFeedAPI" name="test_feed_sort_by_new" time="0.132" /><testcase classname="backend.tests.test_socialfi_api.TestFeedAPI" name="test_feed_sort_by_price" time="0.122" /><testcase classname="backend.tests.test_socialfi_api.TestFeedAPI" name="test_feed_sort_by_volume" time="0.125" /><testcase classname="backend.tests.test_socialfi_api.TestFeedAPI" name="test_feed_with_limit" time="0.126" /><testcase classname="backend.tests.test_socialfi_api.TestFeedAPI" name="test_feed_with_offset" time="0.137" /><testcase classname="backend.tests.test_socialfi_api.TestFeedAPI" name="test_feed_post_has_market_data" time="0.124" /><testcase classname="backend.tests.test_socialfi_api.TestNetworksAPI" name="test_get_available_networks" time="0.121" /><testcase classname="backend.tests.test_socialfi_api.TestLeaderboardAPI" name="test_get_leaderboard_default" time="0.124" /><testcase classname="backend.tests.test_socialfi_api.TestLeaderboardAPI" name="test_get_leaderboard_by_xp" time="0.119" /><testcase classname="backend.tests.test_socialfi_api.TestLeaderboardAPI" name="test_get_leaderboard_by_reputation" time="0.126" /><testcase classname="backend.tests.test_socialfi_api.TestLeaderboardAPI" name="test_get_leaderboard_by_balance" time="0.121" /><testcase classname="backend.tests.test_socialfi_api.TestLeaderboardAPI" name="test_get_leaderboard_with_limit" time="0.138" /><testcase classname="backend.tests.test_socialfi_api.TestAuthRequiredEndpoints" name="test_buy_requires_auth" time="0.127" /><testcase classname="backend.tests.test_socialfi_api.TestAuthRequiredEndpoints" name="test_sell_requires_auth" time="0.126" /><testcase classname="backend.tests.test_socialfi_api.TestAuthRequiredEndpoints" name="test_portfolio_requires_auth" time="0.130" /><testcase classname="backend.tests.test_socialfi_api.TestAuthRequiredEndpoints" name="test_paste_url_requires_auth" time="0.117" /><testcase classname="backend.tests.test_socialfi_api.TestAuthRequiredEndpoints" name="test_auth_me_requires_auth" time="0.121" /><testcase classname="backend.tests.test_socialfi_api.TestAuthChallengeEndpoint" name="test_get_challenge_valid_ethereum" time="0.130" /><testcase classname="backend.tests.test_socialfi_api.TestAuthChallengeEndpoint" name="test_get_challenge_valid_base" time="0.123" /><testcase classname="backend.tests.test_socialfi_api.TestAuthChallengeEndpoint" name="test_get_challenge_valid_polygon" time="0.127" /><testcase classname="backend.tests.test_socialfi_api.TestAuthChallengeEndpoint" name="test_get_challenge_invalid_chain_type" time="0.117" /><testcase classname="backend.tests.test_socialfi_api.TestAuthChallengeEndpoint" name="test_get_challenge_short_wallet_address" time="0.134" /><testcase classname="backend.tests.test_socialfi_api.TestFeedRefreshEndpoint" name="test_feed_refresh_default" time="0.119" /><testcase classname="backend.tests.test_socialfi_api.TestFeedRefreshEndpoint" name="test_feed_refresh_specific_networks" time="0.122" /></testsuite></testsuites>